[debug] [2022-07-30T11:25:13.206Z] ----------------------------------------------------------------------
[debug] [2022-07-30T11:25:13.207Z] Command:       C:\Program Files\nodejs\node.exe C:\Users\user\AppData\Roaming\npm\node_modules\firebase-tools\lib\bin\firebase.js init
[debug] [2022-07-30T11:25:13.207Z] CLI Version:   11.4.0
[debug] [2022-07-30T11:25:13.208Z] Platform:      win32
[debug] [2022-07-30T11:25:13.208Z] Node Version:  v18.6.0
[debug] [2022-07-30T11:25:13.208Z] Time:          Sat Jul 30 2022 15:55:13 GMT+0430 (Iran Daylight Time)
[debug] [2022-07-30T11:25:13.208Z] ----------------------------------------------------------------------
[debug] 
[debug] [2022-07-30T11:25:13.210Z] >>> [apiv2][query] GET https://firebase-public.firebaseio.com/cli.json [none]
[debug] [2022-07-30T11:25:13.246Z] > command requires scopes: ["email","openid","https://www.googleapis.com/auth/cloudplatformprojects.readonly","https://www.googleapis.com/auth/firebase","https://www.googleapis.com/auth/cloud-platform"]
[debug] [2022-07-30T11:25:13.246Z] > authorizing via signed-in user (amirhassanrahmani67@gmail.com)
[info] 
     ######## #### ########  ######## ########     ###     ######  ########
     ##        ##  ##     ## ##       ##     ##  ##   ##  ##       ##
     ######    ##  ########  ######   ########  #########  ######  ######
     ##        ##  ##    ##  ##       ##     ## ##     ##       ## ##
     ##       #### ##     ## ######## ########  ##     ##  ######  ########

You're about to initialize a Firebase project in this directory:

  E:\react-task\wa-clone

[info] 
=== Project Setup
[info] 
[info] First, let's associate this project directory with a Firebase project.
[info] You can create multiple project aliases by running firebase use --add, 
[info] but for now we'll just set up a default project.
[info] 
[debug] [2022-07-30T11:25:21.759Z] >>> [apiv2][query] GET https://firebase.googleapis.com/v1beta1/projects pageSize=100
[debug] [2022-07-30T11:25:22.221Z] <<< [apiv2][status] GET https://firebase.googleapis.com/v1beta1/projects 403
[debug] [2022-07-30T11:25:22.221Z] <<< [apiv2][body] GET https://firebase.googleapis.com/v1beta1/projects [omitted]
[debug] [2022-07-30T11:25:22.221Z] Unable to parse JSON: SyntaxError: Unexpected token < in JSON at position 0
[debug] [2022-07-30T11:25:22.224Z] FirebaseError: Unable to parse JSON: SyntaxError: Unexpected token < in JSON at position 0
    at RetryOperation._fn (C:\Users\user\AppData\Roaming\npm\node_modules\firebase-tools\lib\apiv2.js:260:39)
    at process.processTicksAndRejections (node:internal/process/task_queues:95:5)
[error] 
[error] Error: Failed to list Firebase projects. See firebase-debug.log for more info.
